The system is: Linux - 4.9.140-tegra - aarch64
Compiling the C compiler identification source file "CMakeCCompilerId.c" succeeded.
Compiler: /home/njtechrm01/clang+llvm-12.0.0-aarch64-linux-gnu/bin/clang 
Build flags: 
Id flags:  

The output was:
0


Compilation of the C compiler identification source "CMakeCCompilerId.c" produced "a.out"

The C compiler identification is Clang, found in "/home/njtechrm01/traffic_light_detect/build/CMakeFiles/3.10.2/CompilerIdC/a.out"

Compiling the CXX compiler identification source file "CMakeCXXCompilerId.cpp" succeeded.
Compiler: /home/njtechrm01/clang+llvm-12.0.0-aarch64-linux-gnu/bin/clang++ 
Build flags: 
Id flags:  

The output was:
0


Compilation of the CXX compiler identification source "CMakeCXXCompilerId.cpp" produced "a.out"

The CXX compiler identification is Clang, found in "/home/njtechrm01/traffic_light_detect/build/CMakeFiles/3.10.2/CompilerIdCXX/a.out"

Determining if the C compiler works passed with the following output:
Change Dir: /home/njtechrm01/traffic_light_detect/build/CMakeFiles/CMakeTmp

Run Build Command:"/usr/bin/make" "cmTC_05561/fast"
/usr/bin/make -f CMakeFiles/cmTC_05561.dir/build.make CMakeFiles/cmTC_05561.dir/build
make[1]: Entering directory '/home/njtechrm01/traffic_light_detect/build/CMakeFiles/CMakeTmp'
Building C object CMakeFiles/cmTC_05561.dir/testCCompiler.c.o
/home/njtechrm01/clang+llvm-12.0.0-aarch64-linux-gnu/bin/clang    -o CMakeFiles/cmTC_05561.dir/testCCompiler.c.o   -c /home/njtechrm01/traffic_light_detect/build/CMakeFiles/CMakeTmp/testCCompiler.c
Linking C executable cmTC_05561
/usr/bin/cmake -E cmake_link_script CMakeFiles/cmTC_05561.dir/link.txt --verbose=1
/home/njtechrm01/clang+llvm-12.0.0-aarch64-linux-gnu/bin/clang      CMakeFiles/cmTC_05561.dir/testCCompiler.c.o  -o cmTC_05561 
make[1]: Leaving directory '/home/njtechrm01/traffic_light_detect/build/CMakeFiles/CMakeTmp'


Detecting C compiler ABI info compiled with the following output:
Change Dir: /home/njtechrm01/traffic_light_detect/build/CMakeFiles/CMakeTmp

Run Build Command:"/usr/bin/make" "cmTC_2d976/fast"
/usr/bin/make -f CMakeFiles/cmTC_2d976.dir/build.make CMakeFiles/cmTC_2d976.dir/build
make[1]: Entering directory '/home/njtechrm01/traffic_light_detect/build/CMakeFiles/CMakeTmp'
Building C object CMakeFiles/cmTC_2d976.dir/CMakeCCompilerABI.c.o
/home/njtechrm01/clang+llvm-12.0.0-aarch64-linux-gnu/bin/clang    -o CMakeFiles/cmTC_2d976.dir/CMakeCCompilerABI.c.o   -c /usr/share/cmake-3.10/Modules/CMakeCCompilerABI.c
Linking C executable cmTC_2d976
/usr/bin/cmake -E cmake_link_script CMakeFiles/cmTC_2d976.dir/link.txt --verbose=1
/home/njtechrm01/clang+llvm-12.0.0-aarch64-linux-gnu/bin/clang     -v CMakeFiles/cmTC_2d976.dir/CMakeCCompilerABI.c.o  -o cmTC_2d976 
clang version 12.0.0
Target: aarch64-unknown-linux-gnu
Thread model: posix
InstalledDir: /home/njtechrm01/clang+llvm-12.0.0-aarch64-linux-gnu/bin
Found candidate GCC installation: /usr/lib/gcc/aarch64-linux-gnu/7
Found candidate GCC installation: /usr/lib/gcc/aarch64-linux-gnu/7.5.0
Found candidate GCC installation: /usr/lib/gcc/aarch64-linux-gnu/8
Selected GCC installation: /usr/lib/gcc/aarch64-linux-gnu/7.5.0
Candidate multilib: .;@m64
Selected multilib: .;@m64
Found CUDA installation: /usr/local/cuda-10.2, version 10.2
 "/usr/bin/ld" -EL -z relro --hash-style=gnu --eh-frame-hdr -m aarch64linux -dynamic-linker /lib/ld-linux-aarch64.so.1 -o cmTC_2d976 /usr/lib/gcc/aarch64-linux-gnu/7.5.0/../../../aarch64-linux-gnu/crt1.o /usr/lib/gcc/aarch64-linux-gnu/7.5.0/../../../aarch64-linux-gnu/crti.o /usr/lib/gcc/aarch64-linux-gnu/7.5.0/crtbegin.o -L/usr/lib/gcc/aarch64-linux-gnu/7.5.0 -L/usr/lib/gcc/aarch64-linux-gnu/7.5.0/../../../aarch64-linux-gnu -L/lib/aarch64-linux-gnu -L/usr/lib/aarch64-linux-gnu -L/usr/lib/gcc/aarch64-linux-gnu/7.5.0/../../.. -L/home/njtechrm01/clang+llvm-12.0.0-aarch64-linux-gnu/bin/../lib -L/lib -L/usr/lib CMakeFiles/cmTC_2d976.dir/CMakeCCompilerABI.c.o -lgcc --as-needed -lgcc_s --no-as-needed -lc -lgcc --as-needed -lgcc_s --no-as-needed /usr/lib/gcc/aarch64-linux-gnu/7.5.0/crtend.o /usr/lib/gcc/aarch64-linux-gnu/7.5.0/../../../aarch64-linux-gnu/crtn.o
make[1]: Leaving directory '/home/njtechrm01/traffic_light_detect/build/CMakeFiles/CMakeTmp'


Parsed C implicit link information from above output:
  link line regex: [^( *|.*[/\])(ld|CMAKE_LINK_STARTFILE-NOTFOUND|([^/\]+-)?ld|collect2)[^/\]*( |$)]
  ignore line: [Change Dir: /home/njtechrm01/traffic_light_detect/build/CMakeFiles/CMakeTmp]
  ignore line: []
  ignore line: [Run Build Command:"/usr/bin/make" "cmTC_2d976/fast"]
  ignore line: [/usr/bin/make -f CMakeFiles/cmTC_2d976.dir/build.make CMakeFiles/cmTC_2d976.dir/build]
  ignore line: [make[1]: Entering directory '/home/njtechrm01/traffic_light_detect/build/CMakeFiles/CMakeTmp']
  ignore line: [Building C object CMakeFiles/cmTC_2d976.dir/CMakeCCompilerABI.c.o]
  ignore line: [/home/njtechrm01/clang+llvm-12.0.0-aarch64-linux-gnu/bin/clang    -o CMakeFiles/cmTC_2d976.dir/CMakeCCompilerABI.c.o   -c /usr/share/cmake-3.10/Modules/CMakeCCompilerABI.c]
  ignore line: [Linking C executable cmTC_2d976]
  ignore line: [/usr/bin/cmake -E cmake_link_script CMakeFiles/cmTC_2d976.dir/link.txt --verbose=1]
  ignore line: [/home/njtechrm01/clang+llvm-12.0.0-aarch64-linux-gnu/bin/clang     -v CMakeFiles/cmTC_2d976.dir/CMakeCCompilerABI.c.o  -o cmTC_2d976 ]
  ignore line: [clang version 12.0.0]
  ignore line: [Target: aarch64-unknown-linux-gnu]
  ignore line: [Thread model: posix]
  ignore line: [InstalledDir: /home/njtechrm01/clang+llvm-12.0.0-aarch64-linux-gnu/bin]
  ignore line: [Found candidate GCC installation: /usr/lib/gcc/aarch64-linux-gnu/7]
  ignore line: [Found candidate GCC installation: /usr/lib/gcc/aarch64-linux-gnu/7.5.0]
  ignore line: [Found candidate GCC installation: /usr/lib/gcc/aarch64-linux-gnu/8]
  ignore line: [Selected GCC installation: /usr/lib/gcc/aarch64-linux-gnu/7.5.0]
  ignore line: [Candidate multilib: .]
  ignore line: [@m64]
  ignore line: [Selected multilib: .]
  ignore line: [@m64]
  ignore line: [Found CUDA installation: /usr/local/cuda-10.2, version 10.2]
  link line: [ "/usr/bin/ld" -EL -z relro --hash-style=gnu --eh-frame-hdr -m aarch64linux -dynamic-linker /lib/ld-linux-aarch64.so.1 -o cmTC_2d976 /usr/lib/gcc/aarch64-linux-gnu/7.5.0/../../../aarch64-linux-gnu/crt1.o /usr/lib/gcc/aarch64-linux-gnu/7.5.0/../../../aarch64-linux-gnu/crti.o /usr/lib/gcc/aarch64-linux-gnu/7.5.0/crtbegin.o -L/usr/lib/gcc/aarch64-linux-gnu/7.5.0 -L/usr/lib/gcc/aarch64-linux-gnu/7.5.0/../../../aarch64-linux-gnu -L/lib/aarch64-linux-gnu -L/usr/lib/aarch64-linux-gnu -L/usr/lib/gcc/aarch64-linux-gnu/7.5.0/../../.. -L/home/njtechrm01/clang+llvm-12.0.0-aarch64-linux-gnu/bin/../lib -L/lib -L/usr/lib CMakeFiles/cmTC_2d976.dir/CMakeCCompilerABI.c.o -lgcc --as-needed -lgcc_s --no-as-needed -lc -lgcc --as-needed -lgcc_s --no-as-needed /usr/lib/gcc/aarch64-linux-gnu/7.5.0/crtend.o /usr/lib/gcc/aarch64-linux-gnu/7.5.0/../../../aarch64-linux-gnu/crtn.o]
    arg [/usr/bin/ld] ==> ignore
    arg [-EL] ==> ignore
    arg [-zrelro] ==> ignore
    arg [--hash-style=gnu] ==> ignore
    arg [--eh-frame-hdr] ==> ignore
    arg [-m] ==> ignore
    arg [aarch64linux] ==> ignore
    arg [-dynamic-linker] ==> ignore
    arg [/lib/ld-linux-aarch64.so.1] ==> ignore
    arg [-o] ==> ignore
    arg [cmTC_2d976] ==> ignore
    arg [/usr/lib/gcc/aarch64-linux-gnu/7.5.0/../../../aarch64-linux-gnu/crt1.o] ==> ignore
    arg [/usr/lib/gcc/aarch64-linux-gnu/7.5.0/../../../aarch64-linux-gnu/crti.o] ==> ignore
    arg [/usr/lib/gcc/aarch64-linux-gnu/7.5.0/crtbegin.o] ==> ignore
    arg [-L/usr/lib/gcc/aarch64-linux-gnu/7.5.0] ==> dir [/usr/lib/gcc/aarch64-linux-gnu/7.5.0]
    arg [-L/usr/lib/gcc/aarch64-linux-gnu/7.5.0/../../../aarch64-linux-gnu] ==> dir [/usr/lib/gcc/aarch64-linux-gnu/7.5.0/../../../aarch64-linux-gnu]
    arg [-L/lib/aarch64-linux-gnu] ==> dir [/lib/aarch64-linux-gnu]
    arg [-L/usr/lib/aarch64-linux-gnu] ==> dir [/usr/lib/aarch64-linux-gnu]
    arg [-L/usr/lib/gcc/aarch64-linux-gnu/7.5.0/../../..] ==> dir [/usr/lib/gcc/aarch64-linux-gnu/7.5.0/../../..]
    arg [-L/home/njtechrm01/clang+llvm-12.0.0-aarch64-linux-gnu/bin/../lib] ==> dir [/home/njtechrm01/clang+llvm-12.0.0-aarch64-linux-gnu/bin/../lib]
    arg [-L/lib] ==> dir [/lib]
    arg [-L/usr/lib] ==> dir [/usr/lib]
    arg [CMakeFiles/cmTC_2d976.dir/CMakeCCompilerABI.c.o] ==> ignore
    arg [-lgcc] ==> lib [gcc]
    arg [--as-needed] ==> ignore
    arg [-lgcc_s] ==> lib [gcc_s]
    arg [--no-as-needed] ==> ignore
    arg [-lc] ==> lib [c]
    arg [-lgcc] ==> lib [gcc]
    arg [--as-needed] ==> ignore
    arg [-lgcc_s] ==> lib [gcc_s]
    arg [--no-as-needed] ==> ignore
    arg [/usr/lib/gcc/aarch64-linux-gnu/7.5.0/crtend.o] ==> ignore
    arg [/usr/lib/gcc/aarch64-linux-gnu/7.5.0/../../../aarch64-linux-gnu/crtn.o] ==> ignore
  collapse library dir [/usr/lib/gcc/aarch64-linux-gnu/7.5.0] ==> [/usr/lib/gcc/aarch64-linux-gnu/7.5.0]
  collapse library dir [/usr/lib/gcc/aarch64-linux-gnu/7.5.0/../../../aarch64-linux-gnu] ==> [/usr/lib/aarch64-linux-gnu]
  collapse library dir [/lib/aarch64-linux-gnu] ==> [/lib/aarch64-linux-gnu]
  collapse library dir [/usr/lib/aarch64-linux-gnu] ==> [/usr/lib/aarch64-linux-gnu]
  collapse library dir [/usr/lib/gcc/aarch64-linux-gnu/7.5.0/../../..] ==> [/usr/lib]
  collapse library dir [/home/njtechrm01/clang+llvm-12.0.0-aarch64-linux-gnu/bin/../lib] ==> [/home/njtechrm01/clang+llvm-12.0.0-aarch64-linux-gnu/lib]
  collapse library dir [/lib] ==> [/lib]
  collapse library dir [/usr/lib] ==> [/usr/lib]
  implicit libs: [gcc;gcc_s;c;gcc;gcc_s]
  implicit dirs: [/usr/lib/gcc/aarch64-linux-gnu/7.5.0;/usr/lib/aarch64-linux-gnu;/lib/aarch64-linux-gnu;/usr/lib;/home/njtechrm01/clang+llvm-12.0.0-aarch64-linux-gnu/lib;/lib]
  implicit fwks: []




Detecting C [-std=c11] compiler features compiled with the following output:
Change Dir: /home/njtechrm01/traffic_light_detect/build/CMakeFiles/CMakeTmp

Run Build Command:"/usr/bin/make" "cmTC_1f9d7/fast"
/usr/bin/make -f CMakeFiles/cmTC_1f9d7.dir/build.make CMakeFiles/cmTC_1f9d7.dir/build
make[1]: Entering directory '/home/njtechrm01/traffic_light_detect/build/CMakeFiles/CMakeTmp'
Building C object CMakeFiles/cmTC_1f9d7.dir/feature_tests.c.o
/home/njtechrm01/clang+llvm-12.0.0-aarch64-linux-gnu/bin/clang   -std=c11 -o CMakeFiles/cmTC_1f9d7.dir/feature_tests.c.o   -c /home/njtechrm01/traffic_light_detect/build/CMakeFiles/feature_tests.c
Linking C executable cmTC_1f9d7
/usr/bin/cmake -E cmake_link_script CMakeFiles/cmTC_1f9d7.dir/link.txt --verbose=1
/home/njtechrm01/clang+llvm-12.0.0-aarch64-linux-gnu/bin/clang      CMakeFiles/cmTC_1f9d7.dir/feature_tests.c.o  -o cmTC_1f9d7 
make[1]: Leaving directory '/home/njtechrm01/traffic_light_detect/build/CMakeFiles/CMakeTmp'


    Feature record: C_FEATURE:1c_function_prototypes
    Feature record: C_FEATURE:1c_restrict
    Feature record: C_FEATURE:1c_static_assert
    Feature record: C_FEATURE:1c_variadic_macros


Detecting C [-std=c99] compiler features compiled with the following output:
Change Dir: /home/njtechrm01/traffic_light_detect/build/CMakeFiles/CMakeTmp

Run Build Command:"/usr/bin/make" "cmTC_d1a5f/fast"
/usr/bin/make -f CMakeFiles/cmTC_d1a5f.dir/build.make CMakeFiles/cmTC_d1a5f.dir/build
make[1]: Entering directory '/home/njtechrm01/traffic_light_detect/build/CMakeFiles/CMakeTmp'
Building C object CMakeFiles/cmTC_d1a5f.dir/feature_tests.c.o
/home/njtechrm01/clang+llvm-12.0.0-aarch64-linux-gnu/bin/clang   -std=c99 -o CMakeFiles/cmTC_d1a5f.dir/feature_tests.c.o   -c /home/njtechrm01/traffic_light_detect/build/CMakeFiles/feature_tests.c
Linking C executable cmTC_d1a5f
/usr/bin/cmake -E cmake_link_script CMakeFiles/cmTC_d1a5f.dir/link.txt --verbose=1
/home/njtechrm01/clang+llvm-12.0.0-aarch64-linux-gnu/bin/clang      CMakeFiles/cmTC_d1a5f.dir/feature_tests.c.o  -o cmTC_d1a5f 
make[1]: Leaving directory '/home/njtechrm01/traffic_light_detect/build/CMakeFiles/CMakeTmp'


    Feature record: C_FEATURE:1c_function_prototypes
    Feature record: C_FEATURE:1c_restrict
    Feature record: C_FEATURE:0c_static_assert
    Feature record: C_FEATURE:1c_variadic_macros


Detecting C [-std=c90] compiler features compiled with the following output:
Change Dir: /home/njtechrm01/traffic_light_detect/build/CMakeFiles/CMakeTmp

Run Build Command:"/usr/bin/make" "cmTC_d94f8/fast"
/usr/bin/make -f CMakeFiles/cmTC_d94f8.dir/build.make CMakeFiles/cmTC_d94f8.dir/build
make[1]: Entering directory '/home/njtechrm01/traffic_light_detect/build/CMakeFiles/CMakeTmp'
Building C object CMakeFiles/cmTC_d94f8.dir/feature_tests.c.o
/home/njtechrm01/clang+llvm-12.0.0-aarch64-linux-gnu/bin/clang   -std=c90 -o CMakeFiles/cmTC_d94f8.dir/feature_tests.c.o   -c /home/njtechrm01/traffic_light_detect/build/CMakeFiles/feature_tests.c
Linking C executable cmTC_d94f8
/usr/bin/cmake -E cmake_link_script CMakeFiles/cmTC_d94f8.dir/link.txt --verbose=1
/home/njtechrm01/clang+llvm-12.0.0-aarch64-linux-gnu/bin/clang      CMakeFiles/cmTC_d94f8.dir/feature_tests.c.o  -o cmTC_d94f8 
make[1]: Leaving directory '/home/njtechrm01/traffic_light_detect/build/CMakeFiles/CMakeTmp'


    Feature record: C_FEATURE:1c_function_prototypes
    Feature record: C_FEATURE:0c_restrict
    Feature record: C_FEATURE:0c_static_assert
    Feature record: C_FEATURE:0c_variadic_macros
Determining if the CXX compiler works passed with the following output:
Change Dir: /home/njtechrm01/traffic_light_detect/build/CMakeFiles/CMakeTmp

Run Build Command:"/usr/bin/make" "cmTC_a11b1/fast"
/usr/bin/make -f CMakeFiles/cmTC_a11b1.dir/build.make CMakeFiles/cmTC_a11b1.dir/build
make[1]: Entering directory '/home/njtechrm01/traffic_light_detect/build/CMakeFiles/CMakeTmp'
Building CXX object CMakeFiles/cmTC_a11b1.dir/testCXXCompiler.cxx.o
/home/njtechrm01/clang+llvm-12.0.0-aarch64-linux-gnu/bin/clang++     -o CMakeFiles/cmTC_a11b1.dir/testCXXCompiler.cxx.o -c /home/njtechrm01/traffic_light_detect/build/CMakeFiles/CMakeTmp/testCXXCompiler.cxx
Linking CXX executable cmTC_a11b1
/usr/bin/cmake -E cmake_link_script CMakeFiles/cmTC_a11b1.dir/link.txt --verbose=1
/home/njtechrm01/clang+llvm-12.0.0-aarch64-linux-gnu/bin/clang++       CMakeFiles/cmTC_a11b1.dir/testCXXCompiler.cxx.o  -o cmTC_a11b1 
make[1]: Leaving directory '/home/njtechrm01/traffic_light_detect/build/CMakeFiles/CMakeTmp'


Detecting CXX compiler ABI info compiled with the following output:
Change Dir: /home/njtechrm01/traffic_light_detect/build/CMakeFiles/CMakeTmp

Run Build Command:"/usr/bin/make" "cmTC_f4d95/fast"
/usr/bin/make -f CMakeFiles/cmTC_f4d95.dir/build.make CMakeFiles/cmTC_f4d95.dir/build
make[1]: Entering directory '/home/njtechrm01/traffic_light_detect/build/CMakeFiles/CMakeTmp'
Building CXX object CMakeFiles/cmTC_f4d95.dir/CMakeCXXCompilerABI.cpp.o
/home/njtechrm01/clang+llvm-12.0.0-aarch64-linux-gnu/bin/clang++     -o CMakeFiles/cmTC_f4d95.dir/CMakeCXXCompilerABI.cpp.o -c /usr/share/cmake-3.10/Modules/CMakeCXXCompilerABI.cpp
Linking CXX executable cmTC_f4d95
/usr/bin/cmake -E cmake_link_script CMakeFiles/cmTC_f4d95.dir/link.txt --verbose=1
/home/njtechrm01/clang+llvm-12.0.0-aarch64-linux-gnu/bin/clang++      -v CMakeFiles/cmTC_f4d95.dir/CMakeCXXCompilerABI.cpp.o  -o cmTC_f4d95 
clang version 12.0.0
Target: aarch64-unknown-linux-gnu
Thread model: posix
InstalledDir: /home/njtechrm01/clang+llvm-12.0.0-aarch64-linux-gnu/bin
Found candidate GCC installation: /usr/lib/gcc/aarch64-linux-gnu/7
Found candidate GCC installation: /usr/lib/gcc/aarch64-linux-gnu/7.5.0
Found candidate GCC installation: /usr/lib/gcc/aarch64-linux-gnu/8
Selected GCC installation: /usr/lib/gcc/aarch64-linux-gnu/7.5.0
Candidate multilib: .;@m64
Selected multilib: .;@m64
Found CUDA installation: /usr/local/cuda-10.2, version 10.2
 "/usr/bin/ld" -EL -z relro --hash-style=gnu --eh-frame-hdr -m aarch64linux -dynamic-linker /lib/ld-linux-aarch64.so.1 -o cmTC_f4d95 /usr/lib/gcc/aarch64-linux-gnu/7.5.0/../../../aarch64-linux-gnu/crt1.o /usr/lib/gcc/aarch64-linux-gnu/7.5.0/../../../aarch64-linux-gnu/crti.o /usr/lib/gcc/aarch64-linux-gnu/7.5.0/crtbegin.o -L/usr/lib/gcc/aarch64-linux-gnu/7.5.0 -L/usr/lib/gcc/aarch64-linux-gnu/7.5.0/../../../aarch64-linux-gnu -L/lib/aarch64-linux-gnu -L/usr/lib/aarch64-linux-gnu -L/usr/lib/gcc/aarch64-linux-gnu/7.5.0/../../.. -L/home/njtechrm01/clang+llvm-12.0.0-aarch64-linux-gnu/bin/../lib -L/lib -L/usr/lib CMakeFiles/cmTC_f4d95.dir/CMakeCXXCompilerABI.cpp.o -lstdc++ -lm -lgcc_s -lgcc -lc -lgcc_s -lgcc /usr/lib/gcc/aarch64-linux-gnu/7.5.0/crtend.o /usr/lib/gcc/aarch64-linux-gnu/7.5.0/../../../aarch64-linux-gnu/crtn.o
make[1]: Leaving directory '/home/njtechrm01/traffic_light_detect/build/CMakeFiles/CMakeTmp'


Parsed CXX implicit link information from above output:
  link line regex: [^( *|.*[/\])(ld|CMAKE_LINK_STARTFILE-NOTFOUND|([^/\]+-)?ld|collect2)[^/\]*( |$)]
  ignore line: [Change Dir: /home/njtechrm01/traffic_light_detect/build/CMakeFiles/CMakeTmp]
  ignore line: []
  ignore line: [Run Build Command:"/usr/bin/make" "cmTC_f4d95/fast"]
  ignore line: [/usr/bin/make -f CMakeFiles/cmTC_f4d95.dir/build.make CMakeFiles/cmTC_f4d95.dir/build]
  ignore line: [make[1]: Entering directory '/home/njtechrm01/traffic_light_detect/build/CMakeFiles/CMakeTmp']
  ignore line: [Building CXX object CMakeFiles/cmTC_f4d95.dir/CMakeCXXCompilerABI.cpp.o]
  ignore line: [/home/njtechrm01/clang+llvm-12.0.0-aarch64-linux-gnu/bin/clang++     -o CMakeFiles/cmTC_f4d95.dir/CMakeCXXCompilerABI.cpp.o -c /usr/share/cmake-3.10/Modules/CMakeCXXCompilerABI.cpp]
  ignore line: [Linking CXX executable cmTC_f4d95]
  ignore line: [/usr/bin/cmake -E cmake_link_script CMakeFiles/cmTC_f4d95.dir/link.txt --verbose=1]
  ignore line: [/home/njtechrm01/clang+llvm-12.0.0-aarch64-linux-gnu/bin/clang++      -v CMakeFiles/cmTC_f4d95.dir/CMakeCXXCompilerABI.cpp.o  -o cmTC_f4d95 ]
  ignore line: [clang version 12.0.0]
  ignore line: [Target: aarch64-unknown-linux-gnu]
  ignore line: [Thread model: posix]
  ignore line: [InstalledDir: /home/njtechrm01/clang+llvm-12.0.0-aarch64-linux-gnu/bin]
  ignore line: [Found candidate GCC installation: /usr/lib/gcc/aarch64-linux-gnu/7]
  ignore line: [Found candidate GCC installation: /usr/lib/gcc/aarch64-linux-gnu/7.5.0]
  ignore line: [Found candidate GCC installation: /usr/lib/gcc/aarch64-linux-gnu/8]
  ignore line: [Selected GCC installation: /usr/lib/gcc/aarch64-linux-gnu/7.5.0]
  ignore line: [Candidate multilib: .]
  ignore line: [@m64]
  ignore line: [Selected multilib: .]
  ignore line: [@m64]
  ignore line: [Found CUDA installation: /usr/local/cuda-10.2, version 10.2]
  link line: [ "/usr/bin/ld" -EL -z relro --hash-style=gnu --eh-frame-hdr -m aarch64linux -dynamic-linker /lib/ld-linux-aarch64.so.1 -o cmTC_f4d95 /usr/lib/gcc/aarch64-linux-gnu/7.5.0/../../../aarch64-linux-gnu/crt1.o /usr/lib/gcc/aarch64-linux-gnu/7.5.0/../../../aarch64-linux-gnu/crti.o /usr/lib/gcc/aarch64-linux-gnu/7.5.0/crtbegin.o -L/usr/lib/gcc/aarch64-linux-gnu/7.5.0 -L/usr/lib/gcc/aarch64-linux-gnu/7.5.0/../../../aarch64-linux-gnu -L/lib/aarch64-linux-gnu -L/usr/lib/aarch64-linux-gnu -L/usr/lib/gcc/aarch64-linux-gnu/7.5.0/../../.. -L/home/njtechrm01/clang+llvm-12.0.0-aarch64-linux-gnu/bin/../lib -L/lib -L/usr/lib CMakeFiles/cmTC_f4d95.dir/CMakeCXXCompilerABI.cpp.o -lstdc++ -lm -lgcc_s -lgcc -lc -lgcc_s -lgcc /usr/lib/gcc/aarch64-linux-gnu/7.5.0/crtend.o /usr/lib/gcc/aarch64-linux-gnu/7.5.0/../../../aarch64-linux-gnu/crtn.o]
    arg [/usr/bin/ld] ==> ignore
    arg [-EL] ==> ignore
    arg [-zrelro] ==> ignore
    arg [--hash-style=gnu] ==> ignore
    arg [--eh-frame-hdr] ==> ignore
    arg [-m] ==> ignore
    arg [aarch64linux] ==> ignore
    arg [-dynamic-linker] ==> ignore
    arg [/lib/ld-linux-aarch64.so.1] ==> ignore
    arg [-o] ==> ignore
    arg [cmTC_f4d95] ==> ignore
    arg [/usr/lib/gcc/aarch64-linux-gnu/7.5.0/../../../aarch64-linux-gnu/crt1.o] ==> ignore
    arg [/usr/lib/gcc/aarch64-linux-gnu/7.5.0/../../../aarch64-linux-gnu/crti.o] ==> ignore
    arg [/usr/lib/gcc/aarch64-linux-gnu/7.5.0/crtbegin.o] ==> ignore
    arg [-L/usr/lib/gcc/aarch64-linux-gnu/7.5.0] ==> dir [/usr/lib/gcc/aarch64-linux-gnu/7.5.0]
    arg [-L/usr/lib/gcc/aarch64-linux-gnu/7.5.0/../../../aarch64-linux-gnu] ==> dir [/usr/lib/gcc/aarch64-linux-gnu/7.5.0/../../../aarch64-linux-gnu]
    arg [-L/lib/aarch64-linux-gnu] ==> dir [/lib/aarch64-linux-gnu]
    arg [-L/usr/lib/aarch64-linux-gnu] ==> dir [/usr/lib/aarch64-linux-gnu]
    arg [-L/usr/lib/gcc/aarch64-linux-gnu/7.5.0/../../..] ==> dir [/usr/lib/gcc/aarch64-linux-gnu/7.5.0/../../..]
    arg [-L/home/njtechrm01/clang+llvm-12.0.0-aarch64-linux-gnu/bin/../lib] ==> dir [/home/njtechrm01/clang+llvm-12.0.0-aarch64-linux-gnu/bin/../lib]
    arg [-L/lib] ==> dir [/lib]
    arg [-L/usr/lib] ==> dir [/usr/lib]
    arg [CMakeFiles/cmTC_f4d95.dir/CMakeCXXCompilerABI.cpp.o] ==> ignore
    arg [-lstdc++] ==> lib [stdc++]
    arg [-lm] ==> lib [m]
    arg [-lgcc_s] ==> lib [gcc_s]
    arg [-lgcc] ==> lib [gcc]
    arg [-lc] ==> lib [c]
    arg [-lgcc_s] ==> lib [gcc_s]
    arg [-lgcc] ==> lib [gcc]
    arg [/usr/lib/gcc/aarch64-linux-gnu/7.5.0/crtend.o] ==> ignore
    arg [/usr/lib/gcc/aarch64-linux-gnu/7.5.0/../../../aarch64-linux-gnu/crtn.o] ==> ignore
  collapse library dir [/usr/lib/gcc/aarch64-linux-gnu/7.5.0] ==> [/usr/lib/gcc/aarch64-linux-gnu/7.5.0]
  collapse library dir [/usr/lib/gcc/aarch64-linux-gnu/7.5.0/../../../aarch64-linux-gnu] ==> [/usr/lib/aarch64-linux-gnu]
  collapse library dir [/lib/aarch64-linux-gnu] ==> [/lib/aarch64-linux-gnu]
  collapse library dir [/usr/lib/aarch64-linux-gnu] ==> [/usr/lib/aarch64-linux-gnu]
  collapse library dir [/usr/lib/gcc/aarch64-linux-gnu/7.5.0/../../..] ==> [/usr/lib]
  collapse library dir [/home/njtechrm01/clang+llvm-12.0.0-aarch64-linux-gnu/bin/../lib] ==> [/home/njtechrm01/clang+llvm-12.0.0-aarch64-linux-gnu/lib]
  collapse library dir [/lib] ==> [/lib]
  collapse library dir [/usr/lib] ==> [/usr/lib]
  implicit libs: [stdc++;m;gcc_s;gcc;c;gcc_s;gcc]
  implicit dirs: [/usr/lib/gcc/aarch64-linux-gnu/7.5.0;/usr/lib/aarch64-linux-gnu;/lib/aarch64-linux-gnu;/usr/lib;/home/njtechrm01/clang+llvm-12.0.0-aarch64-linux-gnu/lib;/lib]
  implicit fwks: []




Detecting CXX [-std=c++1z] compiler features compiled with the following output:
Change Dir: /home/njtechrm01/traffic_light_detect/build/CMakeFiles/CMakeTmp

Run Build Command:"/usr/bin/make" "cmTC_b9d9d/fast"
/usr/bin/make -f CMakeFiles/cmTC_b9d9d.dir/build.make CMakeFiles/cmTC_b9d9d.dir/build
make[1]: Entering directory '/home/njtechrm01/traffic_light_detect/build/CMakeFiles/CMakeTmp'
Building CXX object CMakeFiles/cmTC_b9d9d.dir/feature_tests.cxx.o
/home/njtechrm01/clang+llvm-12.0.0-aarch64-linux-gnu/bin/clang++    -std=c++1z -o CMakeFiles/cmTC_b9d9d.dir/feature_tests.cxx.o -c /home/njtechrm01/traffic_light_detect/build/CMakeFiles/feature_tests.cxx
Linking CXX executable cmTC_b9d9d
/usr/bin/cmake -E cmake_link_script CMakeFiles/cmTC_b9d9d.dir/link.txt --verbose=1
/home/njtechrm01/clang+llvm-12.0.0-aarch64-linux-gnu/bin/clang++       CMakeFiles/cmTC_b9d9d.dir/feature_tests.cxx.o  -o cmTC_b9d9d 
make[1]: Leaving directory '/home/njtechrm01/traffic_light_detect/build/CMakeFiles/CMakeTmp'


    Feature record: CXX_FEATURE:1cxx_aggregate_default_initializers
    Feature record: CXX_FEATURE:1cxx_alias_templates
    Feature record: CXX_FEATURE:1cxx_alignas
    Feature record: CXX_FEATURE:1cxx_alignof
    Feature record: CXX_FEATURE:1cxx_attributes
    Feature record: CXX_FEATURE:1cxx_attribute_deprecated
    Feature record: CXX_FEATURE:1cxx_auto_type
    Feature record: CXX_FEATURE:1cxx_binary_literals
    Feature record: CXX_FEATURE:1cxx_constexpr
    Feature record: CXX_FEATURE:1cxx_contextual_conversions
    Feature record: CXX_FEATURE:1cxx_decltype
    Feature record: CXX_FEATURE:1cxx_decltype_auto
    Feature record: CXX_FEATURE:1cxx_decltype_incomplete_return_types
    Feature record: CXX_FEATURE:1cxx_default_function_template_args
    Feature record: CXX_FEATURE:1cxx_defaulted_functions
    Feature record: CXX_FEATURE:1cxx_defaulted_move_initializers
    Feature record: CXX_FEATURE:1cxx_delegating_constructors
    Feature record: CXX_FEATURE:1cxx_deleted_functions
    Feature record: CXX_FEATURE:1cxx_digit_separators
    Feature record: CXX_FEATURE:1cxx_enum_forward_declarations
    Feature record: CXX_FEATURE:1cxx_explicit_conversions
    Feature record: CXX_FEATURE:1cxx_extended_friend_declarations
    Feature record: CXX_FEATURE:1cxx_extern_templates
    Feature record: CXX_FEATURE:1cxx_final
    Feature record: CXX_FEATURE:1cxx_func_identifier
    Feature record: CXX_FEATURE:1cxx_generalized_initializers
    Feature record: CXX_FEATURE:1cxx_generic_lambdas
    Feature record: CXX_FEATURE:1cxx_inheriting_constructors
    Feature record: CXX_FEATURE:1cxx_inline_namespaces
    Feature record: CXX_FEATURE:1cxx_lambdas
    Feature record: CXX_FEATURE:1cxx_lambda_init_captures
    Feature record: CXX_FEATURE:1cxx_local_type_template_args
    Feature record: CXX_FEATURE:1cxx_long_long_type
    Feature record: CXX_FEATURE:1cxx_noexcept
    Feature record: CXX_FEATURE:1cxx_nonstatic_member_init
    Feature record: CXX_FEATURE:1cxx_nullptr
    Feature record: CXX_FEATURE:1cxx_override
    Feature record: CXX_FEATURE:1cxx_range_for
    Feature record: CXX_FEATURE:1cxx_raw_string_literals
    Feature record: CXX_FEATURE:1cxx_reference_qualified_functions
    Feature record: CXX_FEATURE:1cxx_relaxed_constexpr
    Feature record: CXX_FEATURE:1cxx_return_type_deduction
    Feature record: CXX_FEATURE:1cxx_right_angle_brackets
    Feature record: CXX_FEATURE:1cxx_rvalue_references
    Feature record: CXX_FEATURE:1cxx_sizeof_member
    Feature record: CXX_FEATURE:1cxx_static_assert
    Feature record: CXX_FEATURE:1cxx_strong_enums
    Feature record: CXX_FEATURE:1cxx_template_template_parameters
    Feature record: CXX_FEATURE:1cxx_thread_local
    Feature record: CXX_FEATURE:1cxx_trailing_return_types
    Feature record: CXX_FEATURE:1cxx_unicode_literals
    Feature record: CXX_FEATURE:1cxx_uniform_initialization
    Feature record: CXX_FEATURE:1cxx_unrestricted_unions
    Feature record: CXX_FEATURE:1cxx_user_literals
    Feature record: CXX_FEATURE:1cxx_variable_templates
    Feature record: CXX_FEATURE:1cxx_variadic_macros
    Feature record: CXX_FEATURE:1cxx_variadic_templates


Detecting CXX [-std=c++14] compiler features compiled with the following output:
Change Dir: /home/njtechrm01/traffic_light_detect/build/CMakeFiles/CMakeTmp

Run Build Command:"/usr/bin/make" "cmTC_00bfa/fast"
/usr/bin/make -f CMakeFiles/cmTC_00bfa.dir/build.make CMakeFiles/cmTC_00bfa.dir/build
make[1]: Entering directory '/home/njtechrm01/traffic_light_detect/build/CMakeFiles/CMakeTmp'
Building CXX object CMakeFiles/cmTC_00bfa.dir/feature_tests.cxx.o
/home/njtechrm01/clang+llvm-12.0.0-aarch64-linux-gnu/bin/clang++    -std=c++14 -o CMakeFiles/cmTC_00bfa.dir/feature_tests.cxx.o -c /home/njtechrm01/traffic_light_detect/build/CMakeFiles/feature_tests.cxx
Linking CXX executable cmTC_00bfa
/usr/bin/cmake -E cmake_link_script CMakeFiles/cmTC_00bfa.dir/link.txt --verbose=1
/home/njtechrm01/clang+llvm-12.0.0-aarch64-linux-gnu/bin/clang++       CMakeFiles/cmTC_00bfa.dir/feature_tests.cxx.o  -o cmTC_00bfa 
make[1]: Leaving directory '/home/njtechrm01/traffic_light_detect/build/CMakeFiles/CMakeTmp'


    Feature record: CXX_FEATURE:1cxx_aggregate_default_initializers
    Feature record: CXX_FEATURE:1cxx_alias_templates
    Feature record: CXX_FEATURE:1cxx_alignas
    Feature record: CXX_FEATURE:1cxx_alignof
    Feature record: CXX_FEATURE:1cxx_attributes
    Feature record: CXX_FEATURE:1cxx_attribute_deprecated
    Feature record: CXX_FEATURE:1cxx_auto_type
    Feature record: CXX_FEATURE:1cxx_binary_literals
    Feature record: CXX_FEATURE:1cxx_constexpr
    Feature record: CXX_FEATURE:1cxx_contextual_conversions
    Feature record: CXX_FEATURE:1cxx_decltype
    Feature record: CXX_FEATURE:1cxx_decltype_auto
    Feature record: CXX_FEATURE:1cxx_decltype_incomplete_return_types
    Feature record: CXX_FEATURE:1cxx_default_function_template_args
    Feature record: CXX_FEATURE:1cxx_defaulted_functions
    Feature record: CXX_FEATURE:1cxx_defaulted_move_initializers
    Feature record: CXX_FEATURE:1cxx_delegating_constructors
    Feature record: CXX_FEATURE:1cxx_deleted_functions
    Feature record: CXX_FEATURE:1cxx_digit_separators
    Feature record: CXX_FEATURE:1cxx_enum_forward_declarations
    Feature record: CXX_FEATURE:1cxx_explicit_conversions
    Feature record: CXX_FEATURE:1cxx_extended_friend_declarations
    Feature record: CXX_FEATURE:1cxx_extern_templates
    Feature record: CXX_FEATURE:1cxx_final
    Feature record: CXX_FEATURE:1cxx_func_identifier
    Feature record: CXX_FEATURE:1cxx_generalized_initializers
    Feature record: CXX_FEATURE:1cxx_generic_lambdas
    Feature record: CXX_FEATURE:1cxx_inheriting_constructors
    Feature record: CXX_FEATURE:1cxx_inline_namespaces
    Feature record: CXX_FEATURE:1cxx_lambdas
    Feature record: CXX_FEATURE:1cxx_lambda_init_captures
    Feature record: CXX_FEATURE:1cxx_local_type_template_args
    Feature record: CXX_FEATURE:1cxx_long_long_type
    Feature record: CXX_FEATURE:1cxx_noexcept
    Feature record: CXX_FEATURE:1cxx_nonstatic_member_init
    Feature record: CXX_FEATURE:1cxx_nullptr
    Feature record: CXX_FEATURE:1cxx_override
    Feature record: CXX_FEATURE:1cxx_range_for
    Feature record: CXX_FEATURE:1cxx_raw_string_literals
    Feature record: CXX_FEATURE:1cxx_reference_qualified_functions
    Feature record: CXX_FEATURE:1cxx_relaxed_constexpr
    Feature record: CXX_FEATURE:1cxx_return_type_deduction
    Feature record: CXX_FEATURE:1cxx_right_angle_brackets
    Feature record: CXX_FEATURE:1cxx_rvalue_references
    Feature record: CXX_FEATURE:1cxx_sizeof_member
    Feature record: CXX_FEATURE:1cxx_static_assert
    Feature record: CXX_FEATURE:1cxx_strong_enums
    Feature record: CXX_FEATURE:1cxx_template_template_parameters
    Feature record: CXX_FEATURE:1cxx_thread_local
    Feature record: CXX_FEATURE:1cxx_trailing_return_types
    Feature record: CXX_FEATURE:1cxx_unicode_literals
    Feature record: CXX_FEATURE:1cxx_uniform_initialization
    Feature record: CXX_FEATURE:1cxx_unrestricted_unions
    Feature record: CXX_FEATURE:1cxx_user_literals
    Feature record: CXX_FEATURE:1cxx_variable_templates
    Feature record: CXX_FEATURE:1cxx_variadic_macros
    Feature record: CXX_FEATURE:1cxx_variadic_templates


Detecting CXX [-std=c++11] compiler features compiled with the following output:
Change Dir: /home/njtechrm01/traffic_light_detect/build/CMakeFiles/CMakeTmp

Run Build Command:"/usr/bin/make" "cmTC_6d2e9/fast"
/usr/bin/make -f CMakeFiles/cmTC_6d2e9.dir/build.make CMakeFiles/cmTC_6d2e9.dir/build
make[1]: Entering directory '/home/njtechrm01/traffic_light_detect/build/CMakeFiles/CMakeTmp'
Building CXX object CMakeFiles/cmTC_6d2e9.dir/feature_tests.cxx.o
/home/njtechrm01/clang+llvm-12.0.0-aarch64-linux-gnu/bin/clang++    -std=c++11 -o CMakeFiles/cmTC_6d2e9.dir/feature_tests.cxx.o -c /home/njtechrm01/traffic_light_detect/build/CMakeFiles/feature_tests.cxx
Linking CXX executable cmTC_6d2e9
/usr/bin/cmake -E cmake_link_script CMakeFiles/cmTC_6d2e9.dir/link.txt --verbose=1
/home/njtechrm01/clang+llvm-12.0.0-aarch64-linux-gnu/bin/clang++       CMakeFiles/cmTC_6d2e9.dir/feature_tests.cxx.o  -o cmTC_6d2e9 
make[1]: Leaving directory '/home/njtechrm01/traffic_light_detect/build/CMakeFiles/CMakeTmp'


    Feature record: CXX_FEATURE:0cxx_aggregate_default_initializers
    Feature record: CXX_FEATURE:1cxx_alias_templates
    Feature record: CXX_FEATURE:1cxx_alignas
    Feature record: CXX_FEATURE:1cxx_alignof
    Feature record: CXX_FEATURE:1cxx_attributes
    Feature record: CXX_FEATURE:0cxx_attribute_deprecated
    Feature record: CXX_FEATURE:1cxx_auto_type
    Feature record: CXX_FEATURE:0cxx_binary_literals
    Feature record: CXX_FEATURE:1cxx_constexpr
    Feature record: CXX_FEATURE:0cxx_contextual_conversions
    Feature record: CXX_FEATURE:1cxx_decltype
    Feature record: CXX_FEATURE:0cxx_decltype_auto
    Feature record: CXX_FEATURE:1cxx_decltype_incomplete_return_types
    Feature record: CXX_FEATURE:1cxx_default_function_template_args
    Feature record: CXX_FEATURE:1cxx_defaulted_functions
    Feature record: CXX_FEATURE:1cxx_defaulted_move_initializers
    Feature record: CXX_FEATURE:1cxx_delegating_constructors
    Feature record: CXX_FEATURE:1cxx_deleted_functions
    Feature record: CXX_FEATURE:0cxx_digit_separators
    Feature record: CXX_FEATURE:1cxx_enum_forward_declarations
    Feature record: CXX_FEATURE:1cxx_explicit_conversions
    Feature record: CXX_FEATURE:1cxx_extended_friend_declarations
    Feature record: CXX_FEATURE:1cxx_extern_templates
    Feature record: CXX_FEATURE:1cxx_final
    Feature record: CXX_FEATURE:1cxx_func_identifier
    Feature record: CXX_FEATURE:1cxx_generalized_initializers
    Feature record: CXX_FEATURE:0cxx_generic_lambdas
    Feature record: CXX_FEATURE:1cxx_inheriting_constructors
    Feature record: CXX_FEATURE:1cxx_inline_namespaces
    Feature record: CXX_FEATURE:1cxx_lambdas
    Feature record: CXX_FEATURE:0cxx_lambda_init_captures
    Feature record: CXX_FEATURE:1cxx_local_type_template_args
    Feature record: CXX_FEATURE:1cxx_long_long_type
    Feature record: CXX_FEATURE:1cxx_noexcept
    Feature record: CXX_FEATURE:1cxx_nonstatic_member_init
    Feature record: CXX_FEATURE:1cxx_nullptr
    Feature record: CXX_FEATURE:1cxx_override
    Feature record: CXX_FEATURE:1cxx_range_for
    Feature record: CXX_FEATURE:1cxx_raw_string_literals
    Feature record: CXX_FEATURE:1cxx_reference_qualified_functions
    Feature record: CXX_FEATURE:0cxx_relaxed_constexpr
    Feature record: CXX_FEATURE:0cxx_return_type_deduction
    Feature record: CXX_FEATURE:1cxx_right_angle_brackets
    Feature record: CXX_FEATURE:1cxx_rvalue_references
    Feature record: CXX_FEATURE:1cxx_sizeof_member
    Feature record: CXX_FEATURE:1cxx_static_assert
    Feature record: CXX_FEATURE:1cxx_strong_enums
    Feature record: CXX_FEATURE:1cxx_template_template_parameters
    Feature record: CXX_FEATURE:1cxx_thread_local
    Feature record: CXX_FEATURE:1cxx_trailing_return_types
    Feature record: CXX_FEATURE:1cxx_unicode_literals
    Feature record: CXX_FEATURE:1cxx_uniform_initialization
    Feature record: CXX_FEATURE:1cxx_unrestricted_unions
    Feature record: CXX_FEATURE:1cxx_user_literals
    Feature record: CXX_FEATURE:0cxx_variable_templates
    Feature record: CXX_FEATURE:1cxx_variadic_macros
    Feature record: CXX_FEATURE:1cxx_variadic_templates


Detecting CXX [-std=c++98] compiler features compiled with the following output:
Change Dir: /home/njtechrm01/traffic_light_detect/build/CMakeFiles/CMakeTmp

Run Build Command:"/usr/bin/make" "cmTC_4c644/fast"
/usr/bin/make -f CMakeFiles/cmTC_4c644.dir/build.make CMakeFiles/cmTC_4c644.dir/build
make[1]: Entering directory '/home/njtechrm01/traffic_light_detect/build/CMakeFiles/CMakeTmp'
Building CXX object CMakeFiles/cmTC_4c644.dir/feature_tests.cxx.o
/home/njtechrm01/clang+llvm-12.0.0-aarch64-linux-gnu/bin/clang++    -std=c++98 -o CMakeFiles/cmTC_4c644.dir/feature_tests.cxx.o -c /home/njtechrm01/traffic_light_detect/build/CMakeFiles/feature_tests.cxx
Linking CXX executable cmTC_4c644
/usr/bin/cmake -E cmake_link_script CMakeFiles/cmTC_4c644.dir/link.txt --verbose=1
/home/njtechrm01/clang+llvm-12.0.0-aarch64-linux-gnu/bin/clang++       CMakeFiles/cmTC_4c644.dir/feature_tests.cxx.o  -o cmTC_4c644 
make[1]: Leaving directory '/home/njtechrm01/traffic_light_detect/build/CMakeFiles/CMakeTmp'


    Feature record: CXX_FEATURE:0cxx_aggregate_default_initializers
    Feature record: CXX_FEATURE:0cxx_alias_templates
    Feature record: CXX_FEATURE:0cxx_alignas
    Feature record: CXX_FEATURE:0cxx_alignof
    Feature record: CXX_FEATURE:0cxx_attributes
    Feature record: CXX_FEATURE:0cxx_attribute_deprecated
    Feature record: CXX_FEATURE:0cxx_auto_type
    Feature record: CXX_FEATURE:0cxx_binary_literals
    Feature record: CXX_FEATURE:0cxx_constexpr
    Feature record: CXX_FEATURE:0cxx_contextual_conversions
    Feature record: CXX_FEATURE:0cxx_decltype
    Feature record: CXX_FEATURE:0cxx_decltype_auto
    Feature record: CXX_FEATURE:0cxx_decltype_incomplete_return_types
    Feature record: CXX_FEATURE:0cxx_default_function_template_args
    Feature record: CXX_FEATURE:0cxx_defaulted_functions
    Feature record: CXX_FEATURE:0cxx_defaulted_move_initializers
    Feature record: CXX_FEATURE:0cxx_delegating_constructors
    Feature record: CXX_FEATURE:0cxx_deleted_functions
    Feature record: CXX_FEATURE:0cxx_digit_separators
    Feature record: CXX_FEATURE:0cxx_enum_forward_declarations
    Feature record: CXX_FEATURE:0cxx_explicit_conversions
    Feature record: CXX_FEATURE:0cxx_extended_friend_declarations
    Feature record: CXX_FEATURE:0cxx_extern_templates
    Feature record: CXX_FEATURE:0cxx_final
    Feature record: CXX_FEATURE:0cxx_func_identifier
    Feature record: CXX_FEATURE:0cxx_generalized_initializers
    Feature record: CXX_FEATURE:0cxx_generic_lambdas
    Feature record: CXX_FEATURE:0cxx_inheriting_constructors
    Feature record: CXX_FEATURE:0cxx_inline_namespaces
    Feature record: CXX_FEATURE:0cxx_lambdas
    Feature record: CXX_FEATURE:0cxx_lambda_init_captures
    Feature record: CXX_FEATURE:0cxx_local_type_template_args
    Feature record: CXX_FEATURE:0cxx_long_long_type
    Feature record: CXX_FEATURE:0cxx_noexcept
    Feature record: CXX_FEATURE:0cxx_nonstatic_member_init
    Feature record: CXX_FEATURE:0cxx_nullptr
    Feature record: CXX_FEATURE:0cxx_override
    Feature record: CXX_FEATURE:0cxx_range_for
    Feature record: CXX_FEATURE:0cxx_raw_string_literals
    Feature record: CXX_FEATURE:0cxx_reference_qualified_functions
    Feature record: CXX_FEATURE:0cxx_relaxed_constexpr
    Feature record: CXX_FEATURE:0cxx_return_type_deduction
    Feature record: CXX_FEATURE:0cxx_right_angle_brackets
    Feature record: CXX_FEATURE:0cxx_rvalue_references
    Feature record: CXX_FEATURE:0cxx_sizeof_member
    Feature record: CXX_FEATURE:0cxx_static_assert
    Feature record: CXX_FEATURE:0cxx_strong_enums
    Feature record: CXX_FEATURE:1cxx_template_template_parameters
    Feature record: CXX_FEATURE:0cxx_thread_local
    Feature record: CXX_FEATURE:0cxx_trailing_return_types
    Feature record: CXX_FEATURE:0cxx_unicode_literals
    Feature record: CXX_FEATURE:0cxx_uniform_initialization
    Feature record: CXX_FEATURE:0cxx_unrestricted_unions
    Feature record: CXX_FEATURE:0cxx_user_literals
    Feature record: CXX_FEATURE:0cxx_variable_templates
    Feature record: CXX_FEATURE:0cxx_variadic_macros
    Feature record: CXX_FEATURE:0cxx_variadic_templates
Determining if the include file pthread.h exists passed with the following output:
Change Dir: /home/njtechrm01/traffic_light_detect/build/CMakeFiles/CMakeTmp

Run Build Command:"/usr/bin/make" "cmTC_a1036/fast"
/usr/bin/make -f CMakeFiles/cmTC_a1036.dir/build.make CMakeFiles/cmTC_a1036.dir/build
make[1]: Entering directory '/home/njtechrm01/traffic_light_detect/build/CMakeFiles/CMakeTmp'
Building C object CMakeFiles/cmTC_a1036.dir/CheckIncludeFile.c.o
/home/njtechrm01/clang+llvm-12.0.0-aarch64-linux-gnu/bin/clang   -fPIC    -o CMakeFiles/cmTC_a1036.dir/CheckIncludeFile.c.o   -c /home/njtechrm01/traffic_light_detect/build/CMakeFiles/CMakeTmp/CheckIncludeFile.c
Linking C executable cmTC_a1036
/usr/bin/cmake -E cmake_link_script CMakeFiles/cmTC_a1036.dir/link.txt --verbose=1
/home/njtechrm01/clang+llvm-12.0.0-aarch64-linux-gnu/bin/clang -fPIC     CMakeFiles/cmTC_a1036.dir/CheckIncludeFile.c.o  -o cmTC_a1036 
make[1]: Leaving directory '/home/njtechrm01/traffic_light_detect/build/CMakeFiles/CMakeTmp'


Determining if the function pthread_create exists in the pthread passed with the following output:
Change Dir: /home/njtechrm01/traffic_light_detect/build/CMakeFiles/CMakeTmp

Run Build Command:"/usr/bin/make" "cmTC_0ce0c/fast"
/usr/bin/make -f CMakeFiles/cmTC_0ce0c.dir/build.make CMakeFiles/cmTC_0ce0c.dir/build
make[1]: Entering directory '/home/njtechrm01/traffic_light_detect/build/CMakeFiles/CMakeTmp'
Building C object CMakeFiles/cmTC_0ce0c.dir/CheckFunctionExists.c.o
/home/njtechrm01/clang+llvm-12.0.0-aarch64-linux-gnu/bin/clang   -fPIC -DCHECK_FUNCTION_EXISTS=pthread_create   -o CMakeFiles/cmTC_0ce0c.dir/CheckFunctionExists.c.o   -c /usr/share/cmake-3.10/Modules/CheckFunctionExists.c
Linking C executable cmTC_0ce0c
/usr/bin/cmake -E cmake_link_script CMakeFiles/cmTC_0ce0c.dir/link.txt --verbose=1
/home/njtechrm01/clang+llvm-12.0.0-aarch64-linux-gnu/bin/clang -fPIC -DCHECK_FUNCTION_EXISTS=pthread_create    CMakeFiles/cmTC_0ce0c.dir/CheckFunctionExists.c.o  -o cmTC_0ce0c -lpthread 
make[1]: Leaving directory '/home/njtechrm01/traffic_light_detect/build/CMakeFiles/CMakeTmp'


