Determining if the pthread_create exist failed with the following output:
Change Dir: /home/njtechrm01/traffic_light_detect/build/CMakeFiles/CMakeTmp

Run Build Command:"/usr/bin/make" "cmTC_f3d82/fast"
/usr/bin/make -f CMakeFiles/cmTC_f3d82.dir/build.make CMakeFiles/cmTC_f3d82.dir/build
make[1]: Entering directory '/home/njtechrm01/traffic_light_detect/build/CMakeFiles/CMakeTmp'
Building C object CMakeFiles/cmTC_f3d82.dir/CheckSymbolExists.c.o
/home/njtechrm01/clang+llvm-12.0.0-aarch64-linux-gnu/bin/clang   -fPIC    -o CMakeFiles/cmTC_f3d82.dir/CheckSymbolExists.c.o   -c /home/njtechrm01/traffic_light_detect/build/CMakeFiles/CMakeTmp/CheckSymbolExists.c
Linking C executable cmTC_f3d82
/usr/bin/cmake -E cmake_link_script CMakeFiles/cmTC_f3d82.dir/link.txt --verbose=1
/home/njtechrm01/clang+llvm-12.0.0-aarch64-linux-gnu/bin/clang -fPIC     CMakeFiles/cmTC_f3d82.dir/CheckSymbolExists.c.o  -o cmTC_f3d82 
CMakeFiles/cmTC_f3d82.dir/CheckSymbolExists.c.o: In function `main':
CheckSymbolExists.c:(.text+0x14): undefined reference to `pthread_create'
CheckSymbolExists.c:(.text+0x18): undefined reference to `pthread_create'
clang-12: error: linker command failed with exit code 1 (use -v to see invocation)
CMakeFiles/cmTC_f3d82.dir/build.make:97: recipe for target 'cmTC_f3d82' failed
make[1]: *** [cmTC_f3d82] Error 1
make[1]: Leaving directory '/home/njtechrm01/traffic_light_detect/build/CMakeFiles/CMakeTmp'
Makefile:126: recipe for target 'cmTC_f3d82/fast' failed
make: *** [cmTC_f3d82/fast] Error 2

File /home/njtechrm01/traffic_light_detect/build/CMakeFiles/CMakeTmp/CheckSymbolExists.c:
/* */
#include <pthread.h>

int main(int argc, char** argv)
{
  (void)argv;
#ifndef pthread_create
  return ((int*)(&pthread_create))[argc];
#else
  (void)argc;
  return 0;
#endif
}

Determining if the function pthread_create exists in the pthreads failed with the following output:
Change Dir: /home/njtechrm01/traffic_light_detect/build/CMakeFiles/CMakeTmp

Run Build Command:"/usr/bin/make" "cmTC_2e80f/fast"
/usr/bin/make -f CMakeFiles/cmTC_2e80f.dir/build.make CMakeFiles/cmTC_2e80f.dir/build
make[1]: Entering directory '/home/njtechrm01/traffic_light_detect/build/CMakeFiles/CMakeTmp'
Building C object CMakeFiles/cmTC_2e80f.dir/CheckFunctionExists.c.o
/home/njtechrm01/clang+llvm-12.0.0-aarch64-linux-gnu/bin/clang   -fPIC -DCHECK_FUNCTION_EXISTS=pthread_create   -o CMakeFiles/cmTC_2e80f.dir/CheckFunctionExists.c.o   -c /usr/share/cmake-3.10/Modules/CheckFunctionExists.c
Linking C executable cmTC_2e80f
/usr/bin/cmake -E cmake_link_script CMakeFiles/cmTC_2e80f.dir/link.txt --verbose=1
/home/njtechrm01/clang+llvm-12.0.0-aarch64-linux-gnu/bin/clang -fPIC -DCHECK_FUNCTION_EXISTS=pthread_create    CMakeFiles/cmTC_2e80f.dir/CheckFunctionExists.c.o  -o cmTC_2e80f -lpthreads 
/usr/bin/ld: cannot find -lpthreads
clang-12: error: linker command failed with exit code 1 (use -v to see invocation)
CMakeFiles/cmTC_2e80f.dir/build.make:97: recipe for target 'cmTC_2e80f' failed
make[1]: *** [cmTC_2e80f] Error 1
make[1]: Leaving directory '/home/njtechrm01/traffic_light_detect/build/CMakeFiles/CMakeTmp'
Makefile:126: recipe for target 'cmTC_2e80f/fast' failed
make: *** [cmTC_2e80f/fast] Error 2


